\BOOKMARK [0][-]{i.0}{Table of Contents}{}% 1
\BOOKMARK [0][-]{section*.2}{List of Figures}{}% 2
\BOOKMARK [0][-]{section*.3}{List of Tables}{}% 3
\BOOKMARK [0][-]{section*.4}{List of Programs}{}% 4
\BOOKMARK [0][-]{section*.6}{List of Appendices}{}% 5
\BOOKMARK [0][-]{section*.8}{List of Abbreviations}{}% 6
\BOOKMARK [0][-]{section*.9}{Abstract}{}% 7
\BOOKMARK [0][-]{chapter.1}{Introduction}{}% 8
\BOOKMARK [0][-]{chapter.2}{CMS: Constants Maintenance System}{}% 9
\BOOKMARK [1][-]{section.2.1}{List of constants used}{chapter.2}% 10
\BOOKMARK [1][-]{section.2.2}{C++ Data Structures}{chapter.2}% 11
\BOOKMARK [0][-]{chapter.3}{NIST: NIST Nuclear Data System}{}% 12
\BOOKMARK [1][-]{section.3.1}{Isotopes and Elements}{chapter.3}% 13
\BOOKMARK [0][-]{chapter.4}{ENDF: ENDF Evaluated File System}{}% 14
\BOOKMARK [1][-]{section.4.1}{ENDF-6 Format}{chapter.4}% 15
\BOOKMARK [2][-]{subsection.4.1.1}{TEXT Records}{section.4.1}% 16
\BOOKMARK [2][-]{subsection.4.1.2}{CONT Records}{section.4.1}% 17
\BOOKMARK [2][-]{subsection.4.1.3}{LIST Records}{section.4.1}% 18
\BOOKMARK [2][-]{subsection.4.1.4}{TAB1 Records}{section.4.1}% 19
\BOOKMARK [2][-]{subsection.4.1.5}{TAB2 Records}{section.4.1}% 20
\BOOKMARK [1][-]{section.4.2}{C++ Data Structure \046 Application Interfaces}{chapter.4}% 21
\BOOKMARK [2][-]{subsection.4.2.1}{Fundamental Computational Data Structures}{section.4.2}% 22
\BOOKMARK [2][-]{subsection.4.2.2}{Fission Yield Data Structures}{section.4.2}% 23
\BOOKMARK [2][-]{subsection.4.2.3}{Resonance Data Structure}{section.4.2}% 24
\BOOKMARK [2][-]{subsection.4.2.4}{Reaction Data Structure}{section.4.2}% 25
\BOOKMARK [2][-]{subsection.4.2.5}{Application Interfaces \(APIs\)}{section.4.2}% 26
\BOOKMARK [0][-]{chapter.5}{NDLS: Nuclear Data Library System}{}% 27
\BOOKMARK [1][-]{section.5.1}{General Description}{chapter.5}% 28
\BOOKMARK [1][-]{section.5.2}{Database ER Diagram and Schema}{chapter.5}% 29
\BOOKMARK [2][-]{subsection.5.2.1}{ER Diagram}{section.5.2}% 30
\BOOKMARK [2][-]{subsection.5.2.2}{Material Table}{section.5.2}% 31
\BOOKMARK [2][-]{subsection.5.2.3}{Description Table}{section.5.2}% 32
\BOOKMARK [2][-]{subsection.5.2.4}{Type Table}{section.5.2}% 33
\BOOKMARK [2][-]{subsection.5.2.5}{Header Table}{section.5.2}% 34
\BOOKMARK [2][-]{subsection.5.2.6}{Inheritance Table}{section.5.2}% 35
\BOOKMARK [2][-]{subsection.5.2.7}{Function Table}{section.5.2}% 36
\BOOKMARK [2][-]{subsection.5.2.8}{List Table}{section.5.2}% 37
\BOOKMARK [2][-]{subsection.5.2.9}{Interpolation Table}{section.5.2}% 38
\BOOKMARK [1][-]{section.5.3}{C++ Data Structure \046 Application Interfaces}{chapter.5}% 39
\BOOKMARK [2][-]{subsection.5.3.1}{Data Structure}{section.5.3}% 40
\BOOKMARK [2][-]{subsection.5.3.2}{Application Interfaces \(APIs\)}{section.5.3}% 41
\BOOKMARK [0][-]{chapter.6}{LS: Linearization System}{}% 42
\BOOKMARK [0][-]{chapter.7}{XLS: Cross Section Linearization System}{}% 43
\BOOKMARK [1][-]{section.7.1}{Algorithm}{chapter.7}% 44
\BOOKMARK [2][-]{subsection.7.1.1}{Histogram}{section.7.1}% 45
\BOOKMARK [2][-]{subsection.7.1.2}{Linear-Linear Interpolation}{section.7.1}% 46
\BOOKMARK [2][-]{subsection.7.1.3}{Other Laws of Interpolation}{section.7.1}% 47
\BOOKMARK [2][-]{subsection.7.1.4}{Removal of Duplicated Points}{section.7.1}% 48
\BOOKMARK [1][-]{section.7.2}{C++ Data Structures \046 APIs}{chapter.7}% 49
\BOOKMARK [0][-]{chapter.8}{XRS: Cross Section Reconstruction System}{}% 50
\BOOKMARK [1][-]{section.8.1}{Resolved Resonance}{chapter.8}% 51
\BOOKMARK [2][-]{subsection.8.1.1}{SLBW: Single-level Breit-Wigner}{section.8.1}% 52
\BOOKMARK [3][-]{subsubsection.8.1.1.1}{Data Format}{subsection.8.1.1}% 53
\BOOKMARK [3][-]{subsubsection.8.1.1.2}{Mathematical Theory}{subsection.8.1.1}% 54
\BOOKMARK [2][-]{subsection.8.1.2}{MLBW: Multilevel Breit-Wigner}{section.8.1}% 55
\BOOKMARK [3][-]{subsubsection.8.1.2.1}{Data Format}{subsection.8.1.2}% 56
\BOOKMARK [3][-]{subsubsection.8.1.2.2}{Mathematical Theory}{subsection.8.1.2}% 57
\BOOKMARK [2][-]{subsection.8.1.3}{R-M: Reich Moore}{section.8.1}% 58
\BOOKMARK [3][-]{subsubsection.8.1.3.1}{Data Format}{subsection.8.1.3}% 59
\BOOKMARK [3][-]{subsubsection.8.1.3.2}{Mathematical Theory}{subsection.8.1.3}% 60
\BOOKMARK [0][-]{chapter.9}{DBS: Doppler Broadening System}{}% 61
\BOOKMARK [1][-]{section.9.1}{Mathematical Background of Doppler Broadening}{chapter.9}% 62
\BOOKMARK [1][-]{section.9.2}{Theory of SIGMA1 Method}{chapter.9}% 63
\BOOKMARK [2][-]{subsection.9.2.1}{Grid for Data Points}{section.9.2}% 64
\BOOKMARK [2][-]{subsection.9.2.2}{SIGMA1 Algorithm}{section.9.2}% 65
\BOOKMARK [1][-]{section.9.3}{SIGMA1 Code Approximation}{chapter.9}% 66
\BOOKMARK [1][-]{section.9.4}{C++ Data Structure \046 Application Interfaces}{chapter.9}% 67
\BOOKMARK [2][-]{subsection.9.4.1}{Data Structure}{section.9.4}% 68
\BOOKMARK [2][-]{subsection.9.4.2}{Application Interfaces \(APIs\)}{section.9.4}% 69
\BOOKMARK [3][-]{subsubsection.9.4.2.1}{Method: proceedWithSigma1}{subsection.9.4.2}% 70
\BOOKMARK [0][-]{chapter.10}{ALS: Angle Linearization System}{}% 71
\BOOKMARK [1][-]{section.10.1}{Emitted Particle Angular Distribution}{chapter.10}% 72
\BOOKMARK [1][-]{section.10.2}{Representation in ENDF Data File}{chapter.10}% 73
\BOOKMARK [2][-]{subsection.10.2.1}{Legendre Expansion}{section.10.2}% 74
\BOOKMARK [2][-]{subsection.10.2.2}{ENDF Interpolation Laws}{section.10.2}% 75
\BOOKMARK [1][-]{section.10.3}{Linearization of Angular Distribution}{chapter.10}% 76
\BOOKMARK [0][-]{chapter.11}{CFS: Computational Format System}{}% 77
\BOOKMARK [1][-]{section.11.1}{Fundamental Data Structure Design}{chapter.11}% 78
\BOOKMARK [2][-]{subsection.11.1.1}{ENDF Interpolation Function}{section.11.1}% 79
\BOOKMARK [2][-]{subsection.11.1.2}{Linearly Interpolation Function}{section.11.1}% 80
\BOOKMARK [2][-]{subsection.11.1.3}{Probability Function}{section.11.1}% 81
\BOOKMARK [1][-]{section.11.2}{Reaction Categorization}{chapter.11}% 82
\BOOKMARK [1][-]{section.11.3}{Common Energy Grid}{chapter.11}% 83
\BOOKMARK [1][-]{section.11.4}{Cross Sections}{chapter.11}% 84
\BOOKMARK [1][-]{section.11.5}{Energy Angular Distributions}{chapter.11}% 85
\BOOKMARK [2][-]{subsection.11.5.1}{General Distributions}{section.11.5}% 86
\BOOKMARK [2][-]{subsection.11.5.2}{Decoupled Distributions}{section.11.5}% 87
\BOOKMARK [2][-]{subsection.11.5.3}{Yield of Reactions}{section.11.5}% 88
\BOOKMARK [0][-]{chapter.12}{ACE: ACE Evaluated File System}{}% 89
\BOOKMARK [0][-]{chapter.13}{ADLS: ACE Data Library System}{}% 90
