This is pdfTeX, Version 3.14159265-2.6-1.40.16 (TeX Live 2015) (preloaded format=pdflatex 2015.9.11)  27 DEC 2016 02:19
entering extended mode
 restricted \write18 enabled.
 file:line:error style messages enabled.
 %&-line parsing enabled.
**document.tex
(./document.tex
LaTeX2e <2015/01/01>
Babel <3.9l> and hyphenation patterns for 79 languages loaded.
(./tex/thesis-umich.cls

LaTeX Warning: You have requested document class `./tex/thesis-umich',
               but the document class provides `thesis-umich'.

Document Class: thesis-umich 2011/04/09 Thesis template
(/usr/local/texlive/2015/texmf-dist/tex/latex/base/report.cls
Document Class: report 2014/09/29 v1.4h Standard LaTeX document class
(/usr/local/texlive/2015/texmf-dist/tex/latex/base/size12.clo
File: size12.clo 2014/09/29 v1.4h Standard LaTeX file (size option)
)
\c@part=\count79
\c@chapter=\count80
\c@section=\count81
\c@subsection=\count82
\c@subsubsection=\count83
\c@paragraph=\count84
\c@subparagraph=\count85
\c@figure=\count86
\c@table=\count87
\abovecaptionskip=\skip41
\belowcaptionskip=\skip42
\bibindent=\dimen102
)
(/usr/local/texlive/2015/texmf-dist/tex/latex/geometry/geometry.sty
Package: geometry 2010/09/12 v5.6 Page Geometry

(/usr/local/texlive/2015/texmf-dist/tex/latex/graphics/keyval.sty
Package: keyval 2014/10/28 v1.15 key=value parser (DPC)
\KV@toks@=\toks14
)
(/usr/local/texlive/2015/texmf-dist/tex/generic/oberdiek/ifpdf.sty
Package: ifpdf 2011/01/30 v2.3 Provides the ifpdf switch (HO)
Package ifpdf Info: pdfTeX in PDF mode is detected.
)
(/usr/local/texlive/2015/texmf-dist/tex/generic/oberdiek/ifvtex.sty
Package: ifvtex 2010/03/01 v1.5 Detect VTeX and its facilities (HO)
Package ifvtex Info: VTeX not detected.
)
(/usr/local/texlive/2015/texmf-dist/tex/generic/ifxetex/ifxetex.sty
Package: ifxetex 2010/09/12 v0.6 Provides ifxetex conditional
)
\Gm@cnth=\count88
\Gm@cntv=\count89
\c@Gm@tempcnt=\count90
\Gm@bindingoffset=\dimen103
\Gm@wd@mp=\dimen104
\Gm@odd@mp=\dimen105
\Gm@even@mp=\dimen106
\Gm@layoutwidth=\dimen107
\Gm@layoutheight=\dimen108
\Gm@layouthoffset=\dimen109
\Gm@layoutvoffset=\dimen110
\Gm@dimlist=\toks15
)
(/usr/local/texlive/2015/texmf-dist/tex/latex/amsmath/amsmath.sty
Package: amsmath 2013/01/14 v2.14 AMS math features
\@mathmargin=\skip43

For additional information on amsmath, use the `?' option.
(/usr/local/texlive/2015/texmf-dist/tex/latex/amsmath/amstext.sty
Package: amstext 2000/06/29 v2.01

(/usr/local/texlive/2015/texmf-dist/tex/latex/amsmath/amsgen.sty
File: amsgen.sty 1999/11/30 v2.0
\@emptytoks=\toks16
\ex@=\dimen111
))
(/usr/local/texlive/2015/texmf-dist/tex/latex/amsmath/amsbsy.sty
Package: amsbsy 1999/11/29 v1.2d
\pmbraise@=\dimen112
)
(/usr/local/texlive/2015/texmf-dist/tex/latex/amsmath/amsopn.sty
Package: amsopn 1999/12/14 v2.01 operator names
)
\inf@bad=\count91
LaTeX Info: Redefining \frac on input line 210.
\uproot@=\count92
\leftroot@=\count93
LaTeX Info: Redefining \overline on input line 306.
\classnum@=\count94
\DOTSCASE@=\count95
LaTeX Info: Redefining \ldots on input line 378.
LaTeX Info: Redefining \dots on input line 381.
LaTeX Info: Redefining \cdots on input line 466.
\Mathstrutbox@=\box26
\strutbox@=\box27
\big@size=\dimen113
LaTeX Font Info:    Redeclaring font encoding OML on input line 566.
LaTeX Font Info:    Redeclaring font encoding OMS on input line 567.
\macc@depth=\count96
\c@MaxMatrixCols=\count97
\dotsspace@=\muskip10
\c@parentequation=\count98
\dspbrk@lvl=\count99
\tag@help=\toks17
\row@=\count100
\column@=\count101
\maxfields@=\count102
\andhelp@=\toks18
\eqnshift@=\dimen114
\alignsep@=\dimen115
\tagshift@=\dimen116
\tagwidth@=\dimen117
\totwidth@=\dimen118
\lineht@=\dimen119
\@envbody=\toks19
\multlinegap=\skip44
\multlinetaggap=\skip45
\mathdisplay@stack=\toks20
LaTeX Info: Redefining \[ on input line 2665.
LaTeX Info: Redefining \] on input line 2666.
)
(/usr/local/texlive/2015/texmf-dist/tex/latex/amsfonts/amsfonts.sty
Package: amsfonts 2013/01/14 v3.01 Basic AMSFonts support
\symAMSa=\mathgroup4
\symAMSb=\mathgroup5
LaTeX Font Info:    Overwriting math alphabet `\mathfrak' in version `bold'
(Font)                  U/euf/m/n --> U/euf/b/n on input line 106.
)
(/usr/local/texlive/2015/texmf-dist/tex/latex/amsfonts/amssymb.sty
Package: amssymb 2013/01/14 v3.01 AMS font symbols
)
(/usr/local/texlive/2015/texmf-dist/tex/latex/graphics/graphicx.sty
Package: graphicx 2014/10/28 v1.0g Enhanced LaTeX Graphics (DPC,SPQR)

(/usr/local/texlive/2015/texmf-dist/tex/latex/graphics/graphics.sty
Package: graphics 2014/10/28 v1.0p Standard LaTeX Graphics (DPC,SPQR)

(/usr/local/texlive/2015/texmf-dist/tex/latex/graphics/trig.sty
Package: trig 1999/03/16 v1.09 sin cos tan (DPC)
)
(/usr/local/texlive/2015/texmf-dist/tex/latex/latexconfig/graphics.cfg
File: graphics.cfg 2010/04/23 v1.9 graphics configuration of TeX Live
)
Package graphics Info: Driver file: pdftex.def on input line 94.

(/usr/local/texlive/2015/texmf-dist/tex/latex/pdftex-def/pdftex.def
File: pdftex.def 2011/05/27 v0.06d Graphics/color for pdfTeX

(/usr/local/texlive/2015/texmf-dist/tex/generic/oberdiek/infwarerr.sty
Package: infwarerr 2010/04/08 v1.3 Providing info/warning/error messages (HO)
)
(/usr/local/texlive/2015/texmf-dist/tex/generic/oberdiek/ltxcmds.sty
Package: ltxcmds 2011/11/09 v1.22 LaTeX kernel commands for general use (HO)
)
\Gread@gobject=\count103
))
\Gin@req@height=\dimen120
\Gin@req@width=\dimen121
)
(/usr/local/texlive/2015/texmf-dist/tex/latex/subfigure/subfigure.sty
Package: subfigure 2002/03/15 v2.1.5 subfigure package
\subfigtopskip=\skip46
\subfigcapskip=\skip47
\subfigcaptopadj=\dimen122
\subfigbottomskip=\skip48
\subfigcapmargin=\dimen123
\subfiglabelskip=\skip49
\c@subfigure=\count104
\c@lofdepth=\count105
\c@subtable=\count106
\c@lotdepth=\count107

****************************************
* Local config file subfigure.cfg used *
****************************************
(/usr/local/texlive/2015/texmf-dist/tex/latex/subfigure/subfigure.cfg)
\subfig@top=\skip50
\subfig@bottom=\skip51
)
(/usr/local/texlive/2015/texmf-dist/tex/latex/psnfss/times.sty
Package: times 2005/04/12 PSNFSS-v9.2a (SPQR) 
)
(/usr/local/texlive/2015/texmf-dist/tex/latex/tools/verbatim.sty
Package: verbatim 2014/10/28 v1.5q LaTeX2e package for verbatim enhancements
\every@verbatim=\toks21
\verbatim@line=\toks22
\verbatim@in@stream=\read1
)
(/usr/local/texlive/2015/texmf-dist/tex/latex/upquote/upquote.sty
Package: upquote 2012/04/19 v1.3 upright-quote and grave-accent glyphs in verba
tim

(/usr/local/texlive/2015/texmf-dist/tex/latex/base/textcomp.sty
Package: textcomp 2005/09/27 v1.99g Standard LaTeX package
Package textcomp Info: Sub-encoding information:
(textcomp)               5 = only ISO-Adobe without \textcurrency
(textcomp)               4 = 5 + \texteuro
(textcomp)               3 = 4 + \textohm
(textcomp)               2 = 3 + \textestimated + \textcurrency
(textcomp)               1 = TS1 - \textcircled - \t
(textcomp)               0 = TS1 (full)
(textcomp)             Font families with sub-encoding setting implement
(textcomp)             only a restricted character set as indicated.
(textcomp)             Family '?' is the default used for unknown fonts.
(textcomp)             See the documentation for details.
Package textcomp Info: Setting ? sub-encoding to TS1/1 on input line 79.

(/usr/local/texlive/2015/texmf-dist/tex/latex/base/ts1enc.def
File: ts1enc.def 2001/06/05 v3.0e (jk/car/fm) Standard LaTeX file
)
LaTeX Info: Redefining \oldstylenums on input line 334.
Package textcomp Info: Setting cmr sub-encoding to TS1/0 on input line 349.
Package textcomp Info: Setting cmss sub-encoding to TS1/0 on input line 350.
Package textcomp Info: Setting cmtt sub-encoding to TS1/0 on input line 351.
Package textcomp Info: Setting cmvtt sub-encoding to TS1/0 on input line 352.
Package textcomp Info: Setting cmbr sub-encoding to TS1/0 on input line 353.
Package textcomp Info: Setting cmtl sub-encoding to TS1/0 on input line 354.
Package textcomp Info: Setting ccr sub-encoding to TS1/0 on input line 355.
Package textcomp Info: Setting ptm sub-encoding to TS1/4 on input line 356.
Package textcomp Info: Setting pcr sub-encoding to TS1/4 on input line 357.
Package textcomp Info: Setting phv sub-encoding to TS1/4 on input line 358.
Package textcomp Info: Setting ppl sub-encoding to TS1/3 on input line 359.
Package textcomp Info: Setting pag sub-encoding to TS1/4 on input line 360.
Package textcomp Info: Setting pbk sub-encoding to TS1/4 on input line 361.
Package textcomp Info: Setting pnc sub-encoding to TS1/4 on input line 362.
Package textcomp Info: Setting pzc sub-encoding to TS1/4 on input line 363.
Package textcomp Info: Setting bch sub-encoding to TS1/4 on input line 364.
Package textcomp Info: Setting put sub-encoding to TS1/5 on input line 365.
Package textcomp Info: Setting uag sub-encoding to TS1/5 on input line 366.
Package textcomp Info: Setting ugq sub-encoding to TS1/5 on input line 367.
Package textcomp Info: Setting ul8 sub-encoding to TS1/4 on input line 368.
Package textcomp Info: Setting ul9 sub-encoding to TS1/4 on input line 369.
Package textcomp Info: Setting augie sub-encoding to TS1/5 on input line 370.
Package textcomp Info: Setting dayrom sub-encoding to TS1/3 on input line 371.
Package textcomp Info: Setting dayroms sub-encoding to TS1/3 on input line 372.

Package textcomp Info: Setting pxr sub-encoding to TS1/0 on input line 373.
Package textcomp Info: Setting pxss sub-encoding to TS1/0 on input line 374.
Package textcomp Info: Setting pxtt sub-encoding to TS1/0 on input line 375.
Package textcomp Info: Setting txr sub-encoding to TS1/0 on input line 376.
Package textcomp Info: Setting txss sub-encoding to TS1/0 on input line 377.
Package textcomp Info: Setting txtt sub-encoding to TS1/0 on input line 378.
Package textcomp Info: Setting lmr sub-encoding to TS1/0 on input line 379.
Package textcomp Info: Setting lmdh sub-encoding to TS1/0 on input line 380.
Package textcomp Info: Setting lmss sub-encoding to TS1/0 on input line 381.
Package textcomp Info: Setting lmssq sub-encoding to TS1/0 on input line 382.
Package textcomp Info: Setting lmvtt sub-encoding to TS1/0 on input line 383.
Package textcomp Info: Setting lmtt sub-encoding to TS1/0 on input line 384.
Package textcomp Info: Setting qhv sub-encoding to TS1/0 on input line 385.
Package textcomp Info: Setting qag sub-encoding to TS1/0 on input line 386.
Package textcomp Info: Setting qbk sub-encoding to TS1/0 on input line 387.
Package textcomp Info: Setting qcr sub-encoding to TS1/0 on input line 388.
Package textcomp Info: Setting qcs sub-encoding to TS1/0 on input line 389.
Package textcomp Info: Setting qpl sub-encoding to TS1/0 on input line 390.
Package textcomp Info: Setting qtm sub-encoding to TS1/0 on input line 391.
Package textcomp Info: Setting qzc sub-encoding to TS1/0 on input line 392.
Package textcomp Info: Setting qhvc sub-encoding to TS1/0 on input line 393.
Package textcomp Info: Setting futs sub-encoding to TS1/4 on input line 394.
Package textcomp Info: Setting futx sub-encoding to TS1/4 on input line 395.
Package textcomp Info: Setting futj sub-encoding to TS1/4 on input line 396.
Package textcomp Info: Setting hlh sub-encoding to TS1/3 on input line 397.
Package textcomp Info: Setting hls sub-encoding to TS1/3 on input line 398.
Package textcomp Info: Setting hlst sub-encoding to TS1/3 on input line 399.
Package textcomp Info: Setting hlct sub-encoding to TS1/5 on input line 400.
Package textcomp Info: Setting hlx sub-encoding to TS1/5 on input line 401.
Package textcomp Info: Setting hlce sub-encoding to TS1/5 on input line 402.
Package textcomp Info: Setting hlcn sub-encoding to TS1/5 on input line 403.
Package textcomp Info: Setting hlcw sub-encoding to TS1/5 on input line 404.
Package textcomp Info: Setting hlcf sub-encoding to TS1/5 on input line 405.
Package textcomp Info: Setting pplx sub-encoding to TS1/3 on input line 406.
Package textcomp Info: Setting pplj sub-encoding to TS1/3 on input line 407.
Package textcomp Info: Setting ptmx sub-encoding to TS1/4 on input line 408.
Package textcomp Info: Setting ptmj sub-encoding to TS1/4 on input line 409.
))
(/usr/local/texlive/2015/texmf-dist/tex/latex/setspace/setspace.sty
Package: setspace 2011/12/19 v6.7a set line spacing
)
(/usr/local/texlive/2015/texmf-dist/tex/latex/base/ifthen.sty
Package: ifthen 2014/09/29 v1.1c Standard LaTeX ifthen package (DPC)
)
(/usr/local/texlive/2015/texmf-dist/tex/latex/soul/soul.sty
Package: soul 2003/11/17 v2.4 letterspacing/underlining (mf)
\SOUL@word=\toks23
\SOUL@lasttoken=\toks24
\SOUL@cmds=\toks25
\SOUL@buffer=\toks26
\SOUL@token=\toks27
\SOUL@spaceskip=\skip52
\SOUL@ttwidth=\dimen124
\SOUL@uldp=\dimen125
\SOUL@ulht=\dimen126
)
(/usr/local/texlive/2015/texmf-dist/tex/latex/float/float.sty
Package: float 2001/11/08 v1.3d Float enhancements (AL)
\c@float@type=\count108
\float@exts=\toks28
\float@box=\box28
\@float@everytoks=\toks29
\@floatcapt=\box29
)
(/usr/local/texlive/2015/texmf-dist/tex/latex/acronym/acronym.sty
Package: acronym 2015/03/21 v1.41 Support for acronyms (Tobias Oetiker)

(/usr/local/texlive/2015/texmf-dist/tex/latex/bigfoot/suffix.sty
Package: suffix 2006/07/15 1.5a Variant command support
)
(/usr/local/texlive/2015/texmf-dist/tex/generic/xstring/xstring.sty
(/usr/local/texlive/2015/texmf-dist/tex/generic/xstring/xstring.tex
\@xs@message=\write3
\integerpart=\count109
\decimalpart=\count110
)
Package: xstring 2013/10/13  v1.7c  String manipulations (C Tellechea)
)
\AC@clearlist=\toks30
)
(/usr/local/texlive/2015/texmf-dist/tex/latex/fancyhdr/fancyhdr.sty
\fancy@headwidth=\skip53
\f@ncyO@elh=\skip54
\f@ncyO@erh=\skip55
\f@ncyO@olh=\skip56
\f@ncyO@orh=\skip57
\f@ncyO@elf=\skip58
\f@ncyO@erf=\skip59
\f@ncyO@olf=\skip60
\f@ncyO@orf=\skip61
)
\@float@every@map=\toks31
\c@map=\count111
\@float@every@illustration=\toks32
\c@illustration=\count112
\@float@every@program=\toks33
\c@program=\count113

(/usr/local/texlive/2015/texmf-dist/tex/latex/graphics/color.sty
Package: color 2014/10/28 v1.1a Standard LaTeX Color (DPC)

(/usr/local/texlive/2015/texmf-dist/tex/latex/latexconfig/color.cfg
File: color.cfg 2007/01/18 v1.5 color configuration of teTeX/TeXLive
)
Package color Info: Driver file: pdftex.def on input line 142.

(/usr/local/texlive/2015/texmf-dist/tex/latex/graphics/dvipsnam.def
File: dvipsnam.def 2014/10/14 v3.0j Driver-dependent file (DPC,SPQR)
))
(/usr/local/texlive/2015/texmf-dist/tex/latex/hyperref/hyperref.sty
Package: hyperref 2012/11/06 v6.83m Hypertext links for LaTeX

(/usr/local/texlive/2015/texmf-dist/tex/generic/oberdiek/hobsub-hyperref.sty
Package: hobsub-hyperref 2012/05/28 v1.13 Bundle oberdiek, subset hyperref (HO)


(/usr/local/texlive/2015/texmf-dist/tex/generic/oberdiek/hobsub-generic.sty
Package: hobsub-generic 2012/05/28 v1.13 Bundle oberdiek, subset generic (HO)
Package: hobsub 2012/05/28 v1.13 Construct package bundles (HO)
Package hobsub Info: Skipping package `infwarerr' (already loaded).
Package hobsub Info: Skipping package `ltxcmds' (already loaded).
Package: ifluatex 2010/03/01 v1.3 Provides the ifluatex switch (HO)
Package ifluatex Info: LuaTeX not detected.
Package hobsub Info: Skipping package `ifvtex' (already loaded).
Package: intcalc 2007/09/27 v1.1 Expandable calculations with integers (HO)
Package hobsub Info: Skipping package `ifpdf' (already loaded).
Package: etexcmds 2011/02/16 v1.5 Avoid name clashes with e-TeX commands (HO)
Package etexcmds Info: Could not find \expanded.
(etexcmds)             That can mean that you are not using pdfTeX 1.50 or
(etexcmds)             that some package has redefined \expanded.
(etexcmds)             In the latter case, load this package earlier.
Package: kvsetkeys 2012/04/25 v1.16 Key value parser (HO)
Package: kvdefinekeys 2011/04/07 v1.3 Define keys (HO)
Package: pdftexcmds 2011/11/29 v0.20 Utility functions of pdfTeX for LuaTeX (HO
)
Package pdftexcmds Info: LuaTeX not detected.
Package pdftexcmds Info: \pdf@primitive is available.
Package pdftexcmds Info: \pdf@ifprimitive is available.
Package pdftexcmds Info: \pdfdraftmode found.
Package: pdfescape 2011/11/25 v1.13 Implements pdfTeX's escape features (HO)
Package: bigintcalc 2012/04/08 v1.3 Expandable calculations on big integers (HO
)
Package: bitset 2011/01/30 v1.1 Handle bit-vector datatype (HO)
Package: uniquecounter 2011/01/30 v1.2 Provide unlimited unique counter (HO)
)
Package hobsub Info: Skipping package `hobsub' (already loaded).
Package: letltxmacro 2010/09/02 v1.4 Let assignment for LaTeX macros (HO)
Package: hopatch 2012/05/28 v1.2 Wrapper for package hooks (HO)
Package: xcolor-patch 2011/01/30 xcolor patch
Package: atveryend 2011/06/30 v1.8 Hooks at the very end of document (HO)
Package atveryend Info: \enddocument detected (standard20110627).
Package: atbegshi 2011/10/05 v1.16 At begin shipout hook (HO)
Package: refcount 2011/10/16 v3.4 Data extraction from label references (HO)
Package: hycolor 2011/01/30 v1.7 Color options for hyperref/bookmark (HO)
)
(/usr/local/texlive/2015/texmf-dist/tex/latex/oberdiek/auxhook.sty
Package: auxhook 2011/03/04 v1.3 Hooks for auxiliary files (HO)
)
(/usr/local/texlive/2015/texmf-dist/tex/latex/oberdiek/kvoptions.sty
Package: kvoptions 2011/06/30 v3.11 Key value format for package options (HO)
)
\@linkdim=\dimen127
\Hy@linkcounter=\count114
\Hy@pagecounter=\count115

(/usr/local/texlive/2015/texmf-dist/tex/latex/hyperref/pd1enc.def
File: pd1enc.def 2012/11/06 v6.83m Hyperref: PDFDocEncoding definition (HO)
)
\Hy@SavedSpaceFactor=\count116

(/usr/local/texlive/2015/texmf-dist/tex/latex/latexconfig/hyperref.cfg
File: hyperref.cfg 2002/06/06 v1.2 hyperref configuration of TeXLive
)
Package hyperref Info: Hyper figures OFF on input line 4443.
Package hyperref Info: Link nesting OFF on input line 4448.
Package hyperref Info: Hyper index ON on input line 4451.
Package hyperref Info: Plain pages OFF on input line 4458.
Package hyperref Info: Backreferencing OFF on input line 4463.
Package hyperref Info: Implicit mode ON; LaTeX internals redefined.
Package hyperref Info: Bookmarks ON on input line 4688.
\c@Hy@tempcnt=\count117

(/usr/local/texlive/2015/texmf-dist/tex/latex/url/url.sty
\Urlmuskip=\muskip11
Package: url 2013/09/16  ver 3.4  Verb mode for urls, etc.
)
LaTeX Info: Redefining \url on input line 5041.
\XeTeXLinkMargin=\dimen128
\Fld@menulength=\count118
\Field@Width=\dimen129
\Fld@charsize=\dimen130
Package hyperref Info: Hyper figures OFF on input line 6295.
Package hyperref Info: Link nesting OFF on input line 6300.
Package hyperref Info: Hyper index ON on input line 6303.
Package hyperref Info: backreferencing OFF on input line 6310.
Package hyperref Info: Link coloring OFF on input line 6315.
Package hyperref Info: Link coloring with OCG OFF on input line 6320.
Package hyperref Info: PDF/A mode OFF on input line 6325.
LaTeX Info: Redefining \ref on input line 6365.
LaTeX Info: Redefining \pageref on input line 6369.
\Hy@abspage=\count119
\c@Item=\count120
\c@Hfootnote=\count121
)

Package hyperref Message: Driver (autodetected): hpdftex.

(/usr/local/texlive/2015/texmf-dist/tex/latex/hyperref/hpdftex.def
File: hpdftex.def 2012/11/06 v6.83m Hyperref driver for pdfTeX
\Fld@listcount=\count122
\c@bookmark@seq@number=\count123

(/usr/local/texlive/2015/texmf-dist/tex/latex/oberdiek/rerunfilecheck.sty
Package: rerunfilecheck 2011/04/15 v1.7 Rerun checks for auxiliary files (HO)
Package uniquecounter Info: New unique counter `rerunfilecheck' on input line 2
82.
)
\Hy@SectionHShift=\skip62
)
Package hyperref Info: Option `colorlinks' set `true' on input line 1385.
)
(/usr/local/texlive/2015/texmf-dist/tex/latex/tools/array.sty
Package: array 2014/10/28 v2.4c Tabular extension package (FMi)
\col@sep=\dimen131
\extrarowheight=\dimen132
\NC@list=\toks34
\extratabsurround=\skip63
\backup@length=\skip64
)
(/usr/local/texlive/2015/texmf-dist/tex/latex/algorithm2e/algorithm2e.sty
Package: algorithm2e 2013/01/06 v5.00 algorithms environments
\c@AlgoLine=\count124

(/usr/local/texlive/2015/texmf-dist/tex/latex/tools/xspace.sty
Package: xspace 2014/10/28 v1.13 Space after command names (DPC,MH)
)
(/usr/local/texlive/2015/texmf-dist/tex/latex/relsize/relsize.sty
Package: relsize 2013/03/29 ver 4.1
)
********************************************************
Package `algorithm2e' Release 5.0 -- january 06 2013 --
- algorithm2e-announce@lirmm.fr mailing list for announcement about releases
- algorithm2e-discussion@lirmm.fr mailing list for discussion about package
subscribe by emailing sympa@lirmm.fr with 'subscribe <list> <firstname name>'
- Author: Christophe Fiorio (cfiorio@um2.fr)
********************************************************
\skiptotal=\skip65
\skiplinenumber=\skip66
\skiprule=\skip67
\skiphlne=\skip68
\skiptext=\skip69
\skiplength=\skip70
\algomargin=\skip71
\skipalgocfslide=\skip72
\algowidth=\dimen133
\inoutsize=\dimen134
\inoutindent=\dimen135
\interspacetitleruled=\dimen136
\interspacealgoruled=\dimen137
\interspacetitleboxruled=\dimen138
\algocf@inoutbox=\box30
\algocf@inputbox=\box31
\AlCapSkip=\skip73
\AlCapHSkip=\skip74
\algoskipindent=\skip75
\algocf@nlbox=\box32
\algocf@hangingbox=\box33
\algocf@untilbox=\box34
\algocf@skipuntil=\skip76
\algocf@capbox=\box35
\algoheightruledefault=\skip77
\algoheightrule=\skip78
\algotitleheightruledefault=\skip79
\algotitleheightrule=\skip80
\c@algocfline=\count125
\c@algocfproc=\count126
\c@algocf=\count127
\algocf@algoframe=\box36
\algocf@algobox=\box37
) (/usr/local/texlive/2015/texmf-dist/tex/latex/tools/longtable.sty
Package: longtable 2014/10/28 v4.11 Multi-page Table package (DPC)
\LTleft=\skip81
\LTright=\skip82
\LTpre=\skip83
\LTpost=\skip84
\LTchunksize=\count128
\LTcapwidth=\dimen139
\LT@head=\box38
\LT@firsthead=\box39
\LT@foot=\box40
\LT@lastfoot=\box41
\LT@cols=\count129
\LT@rows=\count130
\c@LT@tables=\count131
\c@LT@chunks=\count132
\LT@p@ftn=\toks35
)
(./document.aux

LaTeX Warning: Label `fig:endf-6-record-tab2' multiply defined.


LaTeX Warning: Label `program:ndls_cpp_api' multiply defined.


LaTeX Warning: Label `program:ndls_cpp_api' multiply defined.

)
\openout1 = `document.aux'.

LaTeX Font Info:    Checking defaults for OML/cmm/m/it on input line 89.
LaTeX Font Info:    ... okay on input line 89.
LaTeX Font Info:    Checking defaults for T1/cmr/m/n on input line 89.
LaTeX Font Info:    ... okay on input line 89.
LaTeX Font Info:    Checking defaults for OT1/cmr/m/n on input line 89.
LaTeX Font Info:    ... okay on input line 89.
LaTeX Font Info:    Checking defaults for OMS/cmsy/m/n on input line 89.
LaTeX Font Info:    ... okay on input line 89.
LaTeX Font Info:    Checking defaults for OMX/cmex/m/n on input line 89.
LaTeX Font Info:    ... okay on input line 89.
LaTeX Font Info:    Checking defaults for U/cmr/m/n on input line 89.
LaTeX Font Info:    ... okay on input line 89.
LaTeX Font Info:    Checking defaults for TS1/cmr/m/n on input line 89.
LaTeX Font Info:    Try loading font information for TS1+cmr on input line 89.
 (/usr/local/texlive/2015/texmf-dist/tex/latex/base/ts1cmr.fd
File: ts1cmr.fd 2014/09/29 v2.5h Standard LaTeX font definitions
)
LaTeX Font Info:    ... okay on input line 89.
LaTeX Font Info:    Checking defaults for PD1/pdf/m/n on input line 89.
LaTeX Font Info:    ... okay on input line 89.
LaTeX Font Info:    Try loading font information for OT1+ptm on input line 89.

(/usr/local/texlive/2015/texmf-dist/tex/latex/psnfss/ot1ptm.fd
File: ot1ptm.fd 2001/06/04 font definitions for OT1/ptm.
)
*geometry* driver: auto-detecting
*geometry* detected driver: pdftex
*geometry* verbose mode - [ preamble ] result:
* driver: pdftex
* paper: <default>
* layout: <same size as paper>
* layoutoffset:(h,v)=(0.0pt,0.0pt)
* modes: 
* h-part:(L,W,R)=(108.405pt, 433.62001pt, 72.26999pt)
* v-part:(T,H,B)=(72.26999pt, 650.43001pt, 72.26999pt)
* \paperwidth=614.295pt
* \paperheight=794.96999pt
* \textwidth=433.62001pt
* \textheight=650.43001pt
* \oddsidemargin=36.13501pt
* \evensidemargin=36.13501pt
* \topmargin=-32.25pt
* \headheight=7.25pt
* \headsep=25.0pt
* \topskip=12.0pt
* \footskip=30.0pt
* \marginparwidth=44.0pt
* \marginparsep=10.0pt
* \columnsep=10.0pt
* \skip\footins=10.8pt plus 4.0pt minus 2.0pt
* \hoffset=0.0pt
* \voffset=0.0pt
* \mag=1000
* \@twocolumnfalse
* \@twosidefalse
* \@mparswitchfalse
* \@reversemarginfalse
* (1in=72.27pt=25.4mm, 1cm=28.453pt)

(/usr/local/texlive/2015/texmf-dist/tex/context/base/supp-pdf.mkii
[Loading MPS to PDF converter (version 2006.09.02).]
\scratchcounter=\count133
\scratchdimen=\dimen140
\scratchbox=\box42
\nofMPsegments=\count134
\nofMParguments=\count135
\everyMPshowfont=\toks36
\MPscratchCnt=\count136
\MPscratchDim=\dimen141
\MPnumerator=\count137
\makeMPintoPDFobject=\count138
\everyMPtoPDFconversion=\toks37
) (/usr/local/texlive/2015/texmf-dist/tex/latex/oberdiek/epstopdf-base.sty
Package: epstopdf-base 2010/02/09 v2.5 Base part for package epstopdf

(/usr/local/texlive/2015/texmf-dist/tex/latex/oberdiek/grfext.sty
Package: grfext 2010/08/19 v1.1 Manage graphics extensions (HO)
)
Package grfext Info: Graphics extension search list:
(grfext)             [.png,.pdf,.jpg,.mps,.jpeg,.jbig2,.jb2,.PNG,.PDF,.JPG,.JPE
G,.JBIG2,.JB2,.eps]
(grfext)             \AppendGraphicsExtensions on input line 452.

(/usr/local/texlive/2015/texmf-dist/tex/latex/latexconfig/epstopdf-sys.cfg
File: epstopdf-sys.cfg 2010/07/13 v1.3 Configuration of (r)epstopdf for TeX Liv
e
))
\AtBeginShipoutBox=\box43
Package hyperref Info: Link coloring ON on input line 89.

(/usr/local/texlive/2015/texmf-dist/tex/latex/hyperref/nameref.sty
Package: nameref 2012/10/27 v2.43 Cross-referencing by name of section

(/usr/local/texlive/2015/texmf-dist/tex/generic/oberdiek/gettitlestring.sty
Package: gettitlestring 2010/12/03 v1.4 Cleanup title references (HO)
)
\c@section@level=\count139
)
LaTeX Info: Redefining \ref on input line 89.
LaTeX Info: Redefining \pageref on input line 89.
LaTeX Info: Redefining \nameref on input line 89.

(./document.out) (./document.out)
\@outlinefile=\write4
\openout4 = `document.out'.

LaTeX Font Info:    Font shape `OT1/ptm/bx/n' in size <17.28> not available
(Font)              Font shape `OT1/ptm/b/n' tried instead on input line 89.
LaTeX Font Info:    Try loading font information for U+msa on input line 89.

(/usr/local/texlive/2015/texmf-dist/tex/latex/amsfonts/umsa.fd
File: umsa.fd 2013/01/14 v3.01 AMS symbols A
)
LaTeX Font Info:    Try loading font information for U+msb on input line 89.

(/usr/local/texlive/2015/texmf-dist/tex/latex/amsfonts/umsb.fd
File: umsb.fd 2013/01/14 v3.01 AMS symbols B
) [0

{/usr/local/texlive/2015/texmf-var/fonts/map/pdftex/updmap/pdftex.map}]
<./pics/frontispiece.pdf, id=372, 498.663pt x 242.10449pt>
File: ./pics/frontispiece.pdf Graphic file (type pdf)

<use ./pics/frontispiece.pdf>
Package pdftex.def Info: ./pics/frontispiece.pdf used on input line 89.
(pdftex.def)             Requested size: 289.07999pt x 140.35051pt.
 [1 <./pics/frontispiece.pdf>]
LaTeX Font Info:    Try loading font information for TS1+ptm on input line 89.

(/usr/local/texlive/2015/texmf-dist/tex/latex/psnfss/ts1ptm.fd
File: ts1ptm.fd 2001/06/04 font definitions for TS1/ptm.
) [0]
LaTeX Font Info:    Font shape `OT1/ptm/bx/n' in size <14.4> not available
(Font)              Font shape `OT1/ptm/b/n' tried instead on input line 89.

(./document.toc
LaTeX Font Info:    Font shape `OT1/ptm/bx/n' in size <12> not available
(Font)              Font shape `OT1/ptm/b/n' tried instead on input line 1.
pdfTeX warning (ext4): destination with the same identifier (name{page.i}) has 
been already used, duplicate ignored
<to be read again> 
                   \relax 
l.30 ...e {5.2.1}ER Diagram}{17}{subsection.5.2.1}
                                                   [1] [2])
\tf@toc=\write5
\openout5 = `document.toc'.

 [3] (./document.lof)
\tf@lof=\write6
\openout6 = `document.lof'.

 [4] (./document.lot)
\tf@lot=\write7
\openout7 = `document.lot'.

 [5] (./document.lop)
\tf@lop=\write8
\openout8 = `document.lop'.

 [6] (./document.loa)
\tf@loa=\write9
\openout9 = `document.loa'.

 [7] [8]
Underfull \hbox (badness 10000) in paragraph at lines 89--89

 []

[9]
CHAPTER 1.
LaTeX Font Info:    Font shape `OT1/ptm/bx/n' in size <20.74> not available
(Font)              Font shape `OT1/ptm/b/n' tried instead on input line 92.
[1

]
CHAPTER 2.
(./chapters/cms.tex
LaTeX Font Info:    Try loading font information for OT1+pcr on input line 21.

(/usr/local/texlive/2015/texmf-dist/tex/latex/psnfss/ot1pcr.fd
File: ot1pcr.fd 2001/06/04 font definitions for OT1/pcr.
)
Overfull \hbox (27.1798pt too wide) in paragraph at lines 25--25
[]    \OT1/pcr/m/n/12 constexpr static const double BoltzmannMevK = 8.6173324e-
11;[] 
 []


Overfull \hbox (19.9798pt too wide) in paragraph at lines 26--26
[]    \OT1/pcr/m/n/12 constexpr static const double BoltzmannEvK  = 8.6173324e-
5;[] 
 []

Package hyperref Info: bookmark level for unknown program defaults to 0 on inpu
t line 31.
) [2

]
CHAPTER 3.
(./chapters/nist.tex
Underfull \vbox (badness 10000) detected at line 26
 []

[3

]) [4]
CHAPTER 4.
(./chapters/endf.tex
<./pics/endf-6-record.pdf, id=587, 945.19182pt x 226.2884pt>
File: ./pics/endf-6-record.pdf Graphic file (type pdf)

<use ./pics/endf-6-record.pdf>
Package pdftex.def Info: ./pics/endf-6-record.pdf used on input line 11.
(pdftex.def)             Requested size: 378.07002pt x 90.51375pt.

<./pics/endf-6-record-text.pdf, id=589, 956.90678pt x 188.9717pt>
File: ./pics/endf-6-record-text.pdf Graphic file (type pdf)

<use ./pics/endf-6-record-text.pdf>
Package pdftex.def Info: ./pics/endf-6-record-text.pdf used on input line 24.
(pdftex.def)             Requested size: 382.75594pt x 75.58733pt.
 [5

 <./pics/endf-6-record.pdf>]
<./pics/endf-6-record-cont.pdf, id=607, 1018.65836pt x 187.2883pt>
File: ./pics/endf-6-record-cont.pdf Graphic file (type pdf)

<use ./pics/endf-6-record-cont.pdf>
Package pdftex.def Info: ./pics/endf-6-record-cont.pdf used on input line 35.
(pdftex.def)             Requested size: 407.45612pt x 74.91399pt.

<./pics/endf-6-record-list.pdf, id=609, 1018.8647pt x 507.81439pt>
File: ./pics/endf-6-record-list.pdf Graphic file (type pdf)

<use ./pics/endf-6-record-list.pdf>
Package pdftex.def Info: ./pics/endf-6-record-list.pdf used on input line 46.
(pdftex.def)             Requested size: 407.53867pt x 203.12215pt.


LaTeX Warning: `h' float specifier changed to `ht'.

<./pics/endf-6-record-tab1.pdf, id=611, 1027.1397pt x 647.95561pt>
File: ./pics/endf-6-record-tab1.pdf Graphic file (type pdf)

<use ./pics/endf-6-record-tab1.pdf>
Package pdftex.def Info: ./pics/endf-6-record-tab1.pdf used on input line 57.
(pdftex.def)             Requested size: 410.8486pt x 259.17764pt.
 [6 <./pics/endf-6-record-text.pdf> <./pics/endf-6-record-cont.pdf>]

LaTeX Warning: `h' float specifier changed to `ht'.

<./pics/endf-6-record-tab2.pdf, id=642, 1027.84pt x 406.426pt>
File: ./pics/endf-6-record-tab2.pdf Graphic file (type pdf)

<use ./pics/endf-6-record-tab2.pdf>
Package pdftex.def Info: ./pics/endf-6-record-tab2.pdf used on input line 68.
(pdftex.def)             Requested size: 411.12872pt x 162.5675pt.


LaTeX Warning: `h' float specifier changed to `ht'.

[7 <./pics/endf-6-record-list.pdf>] [8 <./pics/endf-6-record-tab1.pdf> <./pics/
endf-6-record-tab2.pdf>] [9

] [10]
<./pics/endf-int-laws.pdf, id=700, 1027.84pt x 770.88pt>
File: ./pics/endf-int-laws.pdf Graphic file (type pdf)

<use ./pics/endf-int-laws.pdf>
Package pdftex.def Info: ./pics/endf-int-laws.pdf used on input line 164.
(pdftex.def)             Requested size: 411.12872pt x 308.34654pt.


LaTeX Warning: `h' float specifier changed to `ht'.


Underfull \hbox (badness 10000) in paragraph at lines 169--170

 []

[11] [12 <./pics/endf-int-laws.pdf>] [13] [14]
Underfull \hbox (badness 4886) in paragraph at lines 306--306
[]|\OT1/ptm/m/n/10.95 one neu-tron, pro-ton
 []

[15]) [16]
CHAPTER 5.
(./chapters/ndls.tex [17

] [18]
<./pics/endf-er-diagram.pdf, id=758, 1873.42966pt x 1378.51659pt>
File: ./pics/endf-er-diagram.pdf Graphic file (type pdf)

<use ./pics/endf-er-diagram.pdf>
Package pdftex.def Info: ./pics/endf-er-diagram.pdf used on input line 43.
(pdftex.def)             Requested size: 374.67929pt x 275.69843pt.

<./pics/endf-header-inheritance.pdf, id=760, 1027.84pt x 770.88pt>
File: ./pics/endf-header-inheritance.pdf Graphic file (type pdf)

<use ./pics/endf-header-inheritance.pdf>
Package pdftex.def Info: ./pics/endf-header-inheritance.pdf used on input line 
53.
(pdftex.def)             Requested size: 308.35437pt x 231.26578pt.


LaTeX Warning: `h' float specifier changed to `ht'.

[19 <./pics/endf-er-diagram.pdf>]
LaTeX Font Info:    Try loading font information for TS1+pcr on input line 70.

(/usr/local/texlive/2015/texmf-dist/tex/latex/psnfss/ts1pcr.fd
File: ts1pcr.fd 2001/06/04 font definitions for TS1/pcr.
) [20 <./pics/endf-header-inheritance.pdf>] [21]
Overfull \hbox (12.7798pt too wide) in paragraph at lines 166--166
[]\OT1/pcr/m/n/12 FOREIGN KEY(\TS1/pcr/m/n/12 `\OT1/pcr/m/n/12 PARENTID\TS1/pcr
/m/n/12 `\OT1/pcr/m/n/12 ) REFERENCES \TS1/pcr/m/n/12 `\OT1/pcr/m/n/12 Header_T
able\TS1/pcr/m/n/12 `\OT1/pcr/m/n/12 (\TS1/pcr/m/n/12 `\OT1/pcr/m/n/12 RECORDID
\TS1/pcr/m/n/12 `\OT1/pcr/m/n/12 ),[] 
 []


Overfull \hbox (5.5798pt too wide) in paragraph at lines 185--185
[]\OT1/pcr/m/n/12 FOREIGN KEY(\TS1/pcr/m/n/12 `\OT1/pcr/m/n/12 RECORDID\TS1/pcr
/m/n/12 `\OT1/pcr/m/n/12 ) REFERENCES \TS1/pcr/m/n/12 `\OT1/pcr/m/n/12 Header_T
able\TS1/pcr/m/n/12 `\OT1/pcr/m/n/12 (\TS1/pcr/m/n/12 `\OT1/pcr/m/n/12 RECORDID
\TS1/pcr/m/n/12 `\OT1/pcr/m/n/12 )[] 
 []

[22]
Overfull \hbox (5.5798pt too wide) in paragraph at lines 202--202
[]\OT1/pcr/m/n/12 FOREIGN KEY(\TS1/pcr/m/n/12 `\OT1/pcr/m/n/12 RECORDID\TS1/pcr
/m/n/12 `\OT1/pcr/m/n/12 ) REFERENCES \TS1/pcr/m/n/12 `\OT1/pcr/m/n/12 Header_T
able\TS1/pcr/m/n/12 `\OT1/pcr/m/n/12 (\TS1/pcr/m/n/12 `\OT1/pcr/m/n/12 RECORDID
\TS1/pcr/m/n/12 `\OT1/pcr/m/n/12 )[] 
 []


Overfull \hbox (5.5798pt too wide) in paragraph at lines 220--220
[]\OT1/pcr/m/n/12 FOREIGN KEY(\TS1/pcr/m/n/12 `\OT1/pcr/m/n/12 RECORDID\TS1/pcr
/m/n/12 `\OT1/pcr/m/n/12 ) REFERENCES \TS1/pcr/m/n/12 `\OT1/pcr/m/n/12 Header_T
able\TS1/pcr/m/n/12 `\OT1/pcr/m/n/12 (\TS1/pcr/m/n/12 `\OT1/pcr/m/n/12 RECORDID
\TS1/pcr/m/n/12 `\OT1/pcr/m/n/12 )[] 
 []

[23] [24]) [25

]
CHAPTER 6.
(./chapters/ls.tex) [26

]
CHAPTER 7.
(./chapters/xls.tex [27

]
Overfull \hbox (5.5798pt too wide) in paragraph at lines 39--39
[]\OT1/pcr/m/n/12 // into an XLSXsec data format, the tolerance in the fraction
[] 
 []

) [28]
CHAPTER 8.
(./chapters/xrs.tex
Underfull \hbox (badness 10000) in paragraph at lines 10--50

 []


Underfull \hbox (badness 10000) in paragraph at lines 10--50

 []


Underfull \hbox (badness 10000) in paragraph at lines 10--50

 []


Underfull \hbox (badness 10000) in paragraph at lines 10--50

 []


Underfull \hbox (badness 10000) in paragraph at lines 10--50

 []


Underfull \hbox (badness 10000) in paragraph at lines 10--50

 []


Underfull \hbox (badness 10000) in paragraph at lines 10--50

 []

[29

] [30] [31] [32] [33] [34]) [35]
CHAPTER 9.
(./chapters/dbs.tex [36

] [37] [38] [39] [40] [41])
Overfull \hbox (0.2482pt too wide) in paragraph at lines 300--117
\OT1/ptm/m/n/12 The `pro-ceed-With-Sigma1' method will doppler broaden the cros
s sec-tion with the SIGMA1
 []

[42]
CHAPTER 10.
(./chapters/als.tex [43

]) [44]
CHAPTER 11.
(./chapters/cfs.tex [45

] [46] [47] [48]
Underfull \hbox (badness 10000) in paragraph at lines 164--164
[]|\OT1/ptm/m/n/10.95 Possible
 []


Underfull \hbox (badness 10000) in paragraph at lines 164--164
[]|\OT1/ptm/m/n/10.95 Possible
 []


Underfull \vbox (badness 10000) detected at line 182
 []

[49]) [50]
CHAPTER 12.
(./chapters/ace.tex) [51

]
CHAPTER 13.
(./chapters/adls.tex)
Package atveryend Info: Empty hook `BeforeClearDocument' on input line 711.
 [52

]
Package atveryend Info: Empty hook `AfterLastShipout' on input line 711.
 (./document.aux)
Package atveryend Info: Executing hook `AtVeryEndDocument' on input line 711.
Package atveryend Info: Executing hook `AtEndAfterFileList' on input line 711.
Package rerunfilecheck Info: File `document.out' has not changed.
(rerunfilecheck)             Checksum: 45A8FABDAE5362345F70B98CBDC73FA7;6493.


LaTeX Warning: There were multiply-defined labels.

Package atveryend Info: Empty hook `AtVeryVeryEnd' on input line 711.
 ) 
Here is how much of TeX's memory you used:
 10533 strings out of 493089
 152385 string characters out of 6134842
 294784 words of memory out of 5000000
 13551 multiletter control sequences out of 15000+600000
 24147 words of font info for 60 fonts, out of 8000000 for 9000
 1141 hyphenation exceptions out of 8191
 36i,14n,48p,1051b,515s stack positions out of 5000i,500n,10000p,200000b,80000s
{/usr/local/texlive/2015/texmf-dist/fonts/enc/dvips/base/8r.enc}</usr/local/t
exlive/2015/texmf-dist/fonts/type1/public/amsfonts/cm/cmex10.pfb></usr/local/te
xlive/2015/texmf-dist/fonts/type1/public/amsfonts/cmextra/cmex8.pfb></usr/local
/texlive/2015/texmf-dist/fonts/type1/public/amsfonts/cm/cmmi10.pfb></usr/local/
texlive/2015/texmf-dist/fonts/type1/public/amsfonts/cm/cmmi12.pfb></usr/local/t
exlive/2015/texmf-dist/fonts/type1/public/amsfonts/cm/cmmi6.pfb></usr/local/tex
live/2015/texmf-dist/fonts/type1/public/amsfonts/cm/cmmi8.pfb></usr/local/texli
ve/2015/texmf-dist/fonts/type1/public/amsfonts/cm/cmr10.pfb></usr/local/texlive
/2015/texmf-dist/fonts/type1/public/amsfonts/cm/cmr12.pfb></usr/local/texlive/2
015/texmf-dist/fonts/type1/public/amsfonts/cm/cmr6.pfb></usr/local/texlive/2015
/texmf-dist/fonts/type1/public/amsfonts/cm/cmr8.pfb></usr/local/texlive/2015/te
xmf-dist/fonts/type1/public/amsfonts/cm/cmsy10.pfb></usr/local/texlive/2015/tex
mf-dist/fonts/type1/public/amsfonts/cm/cmsy6.pfb></usr/local/texlive/2015/texmf
-dist/fonts/type1/public/amsfonts/cm/cmsy8.pfb></usr/local/texlive/2015/texmf-d
ist/fonts/type1/urw/courier/ucrr8a.pfb></usr/local/texlive/2015/texmf-dist/font
s/type1/urw/times/utmb8a.pfb></usr/local/texlive/2015/texmf-dist/fonts/type1/ur
w/times/utmr8a.pfb></usr/local/texlive/2015/texmf-dist/fonts/type1/urw/times/ut
mri8a.pfb>
Output written on document.pdf (64 pages, 399033 bytes).
PDF statistics:
 1116 PDF objects out of 1200 (max. 8388607)
 993 compressed objects within 10 object streams
 242 named destinations out of 1000 (max. 500000)
 771 words of extra memory for PDF output out of 10000 (max. 10000000)

